<?xml version="1.0" encoding="UTF-8"?>
<!-- Generated by org.testng.reporters.JUnitReportReporter -->
<testsuite hostname="DESKTOP-46AIR7D" name="parameters.RequestchainingGet" tests="1" failures="0" timestamp="30 Oct 2021 17:20:53 GMT" time="14.423" errors="0">
  <testcase name="requestChainingForGet" time="14.423" classname="parameters.RequestchainingGet"/>
</testsuite> <!-- parameters.RequestchainingGet -->
