<?xml version="1.0" encoding="UTF-8"?>
<!-- Generated by org.testng.reporters.JUnitReportReporter -->
<testsuite hostname="DESKTOP-46AIR7D" name="Authentication.Oauth2_Authentication" tests="1" failures="0" timestamp="30 Oct 2021 17:32:35 GMT" time="14.723" errors="0">
  <testcase name="oauth" time="14.723" classname="Authentication.Oauth2_Authentication"/>
</testsuite> <!-- Authentication.Oauth2_Authentication -->
