<?xml version="1.0" encoding="UTF-8"?>
<!-- Generated by org.testng.reporters.JUnitReportReporter -->
<testsuite hostname="DESKTOP-46AIR7D" name="Crudoperations.DynamicResponse" tests="1" failures="0" timestamp="30 Oct 2021 17:16:57 GMT" time="13.929" errors="0">
  <testcase name="dynamicResponse" time="13.929" classname="Crudoperations.DynamicResponse"/>
</testsuite> <!-- Crudoperations.DynamicResponse -->
