<?xml version="1.0" encoding="UTF-8"?>
<!-- Generated by org.testng.reporters.JUnitReportReporter -->
<testsuite hostname="DESKTOP-46AIR7D" name="Crudoperations.Getallprojects" tests="1" failures="0" timestamp="30 Oct 2021 17:14:17 GMT" time="9.451" errors="0">
  <testcase name="createproject" time="9.451" classname="Crudoperations.Getallprojects"/>
</testsuite> <!-- Crudoperations.Getallprojects -->
