<?xml version="1.0" encoding="UTF-8"?>
<!-- Generated by org.testng.reporters.JUnitReportReporter -->
<testsuite hostname="DESKTOP-46AIR7D" name="CrudoperatonsBDD.Createprojectusingjsonfile" tests="1" failures="0" timestamp="30 Oct 2021 17:36:06 GMT" time="9.406" errors="0">
  <testcase name="createprojectusingjsonfile" time="9.406" classname="CrudoperatonsBDD.Createprojectusingjsonfile"/>
</testsuite> <!-- CrudoperatonsBDD.Createprojectusingjsonfile -->
