<?xml version="1.0" encoding="UTF-8"?>
<!-- Generated by org.testng.reporters.JUnitReportReporter -->
<testsuite hostname="DESKTOP-46AIR7D" name="Authentication.BearerToken" tests="1" failures="0" timestamp="30 Oct 2021 17:25:25 GMT" time="12.906" errors="0">
  <testcase name="bearerToken" time="12.906" classname="Authentication.BearerToken"/>
</testsuite> <!-- Authentication.BearerToken -->
