<?xml version="1.0" encoding="UTF-8"?>
<!-- Generated by org.testng.reporters.JUnitReportReporter -->
<testsuite hostname="DESKTOP-46AIR7D" name="Crudoperations.StaticResponse" tests="1" failures="0" timestamp="30 Oct 2021 17:15:14 GMT" time="13.888" errors="0">
  <testcase name="staticResponse" time="13.888" classname="Crudoperations.StaticResponse"/>
</testsuite> <!-- Crudoperations.StaticResponse -->
