<?xml version="1.0" encoding="UTF-8"?>
<!-- Generated by org.testng.reporters.JUnitReportReporter -->
<testsuite hostname="DESKTOP-46AIR7D" name="parameters.Pathparameter" tests="1" failures="0" timestamp="30 Oct 2021 17:18:30 GMT" time="9.870" errors="0">
  <testcase name="pathParameter" time="9.870" classname="parameters.Pathparameter"/>
</testsuite> <!-- parameters.Pathparameter -->
