<?xml version="1.0" encoding="UTF-8"?>
<!-- Generated by org.testng.reporters.JUnitReportReporter -->
<testsuite hostname="DESKTOP-46AIR7D" name="Crudoperations.Getparticularproject" tests="1" failures="0" timestamp="30 Oct 2021 17:13:20 GMT" time="11.554" errors="0">
  <testcase name="createproject" time="11.554" classname="Crudoperations.Getparticularproject"/>
</testsuite> <!-- Crudoperations.Getparticularproject -->
