<?xml version="1.0" encoding="UTF-8"?>
<!-- Generated by org.testng.reporters.JUnitReportReporter -->
<testsuite hostname="DESKTOP-46AIR7D" name="Authentication.BasicAuth" tests="1" failures="0" timestamp="30 Oct 2021 17:23:17 GMT" time="13.764" errors="0">
  <testcase name="basicAuth" time="13.764" classname="Authentication.BasicAuth"/>
</testsuite> <!-- Authentication.BasicAuth -->
