<?xml version="1.0" encoding="UTF-8"?>
<!-- Generated by org.testng.reporters.JUnitReportReporter -->
<testsuite hostname="DESKTOP-46AIR7D" name="parameters.Queryparameters" tests="1" failures="0" timestamp="30 Oct 2021 17:19:18 GMT" time="11.289" errors="0">
  <testcase name="queryParameter" time="11.289" classname="parameters.Queryparameters"/>
</testsuite> <!-- parameters.Queryparameters -->
