<?xml version="1.0" encoding="UTF-8"?>
<!-- Generated by org.testng.reporters.JUnitReportReporter -->
<testsuite hostname="DESKTOP-46AIR7D" name="EndToEndRMGY.CreateProject" tests="1" failures="0" timestamp="30 Oct 2021 17:33:51 GMT" time="12.404" errors="0">
  <testcase name="createProjectAndVerifyInDB" time="12.404" classname="EndToEndRMGY.CreateProject"/>
</testsuite> <!-- EndToEndRMGY.CreateProject -->
